INFO 2022-08-19 21:59:11,623 root  we have entered the all_list class
INFO 2022-08-19 21:59:11,623 root  reverse_list  ---> [{'key1': 'sudh', 234: [23, 45, 656]}, (234, 6657, 6), [345, 56, 87, 8, 98, 9], [23, 456, 67, 8, 78, 78], 7, 6, 5, 4, 3]
INFO 2022-08-19 21:59:11,623 root  access_234  ---> 234
INFO 2022-08-19 21:59:11,623 root  access_456  ---> 456
INFO 2022-08-19 21:59:11,623 root  extract_only_a_list  ---> [[23, 456, 67, 8, 78, 78], [345, 56, 87, 8, 98, 9]]
INFO 2022-08-19 21:59:11,623 root  extract_sudh  ---> sudh
INFO 2022-08-19 21:59:11,623 root  list_all_the_key_in_dict ---> dict_keys(['key1', 234])
INFO 2022-08-19 21:59:11,623 root  extract_all_value_form_dict  ---> dict_keys(['key1', 234])
INFO 2022-08-19 21:59:11,623 root  list  1 ----->[1, 2, 3, 4] 
INFO 2022-08-19 21:59:11,623 root  list  2 ----->['ineuron', 'data science '] 
INFO 2022-08-19 21:59:11,623 root  dictionary 1 -----> dict_items([('k1', 'sudh'), ('k2', 'ineuron'), ('k3', 'kumar'), (3, 6), (7, 8)])
INFO 2022-08-19 21:59:11,623 root  tuple 1 -----> (2, 3, 4, 5, 6) 
INFO 2022-08-19 21:59:11,623 root  tuple 2 -----> (3, 4, 5, 6, 7) 
INFO 2022-08-19 21:59:11,623 root  all the numerical data [1, 2, 3, 4, 2, 3, 4, 5, 6, 3, 4, 5, 6, 7, 45, 4, 5, 23, 3, 6, 7, 8]
INFO 2022-08-19 21:59:11,623 root  length----------> 22
INFO 2022-08-19 21:59:11,623 root  summation of all the numeric data --------------->156
INFO 2022-08-19 21:59:11,623 root  all the numerical data in the list [1, 2, 3, 4]
INFO 2022-08-19 21:59:11,623 root  length----------> 4
INFO 2022-08-19 21:59:11,623 root  odd values out all numeric data---------> [1, 3]
INFO 2022-08-19 21:59:11,623 root  extract ineruon ['ineuron', 'ineuron']
INFO 2022-08-19 21:59:11,623 root  length----------> 2
INFO 2022-08-19 21:59:11,623 root  all the data [1, 2, 3, 4, 2, 3, 4, 5, 6, 3, 4, 5, 6, 7, 45, 4, 5, 23, 'k1', 'sudh', 'k2', 'ineuron', 'k3', 'kumar', 3, 6, 7, 8, 'ineuron', 'data science ']
INFO 2022-08-19 21:59:11,623 root  length----------> 30
INFO 2022-08-19 21:59:11,623 root  1 occured 1 times
INFO 2022-08-19 21:59:11,623 root  2 occured 2 times
INFO 2022-08-19 21:59:11,623 root  3 occured 4 times
INFO 2022-08-19 21:59:11,623 root  4 occured 4 times
INFO 2022-08-19 21:59:11,623 root  5 occured 3 times
INFO 2022-08-19 21:59:11,623 root  6 occured 3 times
INFO 2022-08-19 21:59:11,623 root  7 occured 2 times
INFO 2022-08-19 21:59:11,623 root  8 occured 1 times
INFO 2022-08-19 21:59:11,623 root  k3 occured 1 times
INFO 2022-08-19 21:59:11,623 root  45 occured 1 times
INFO 2022-08-19 21:59:11,623 root  kumar occured 1 times
INFO 2022-08-19 21:59:11,623 root  k2 occured 1 times
INFO 2022-08-19 21:59:11,623 root  data science  occured 1 times
INFO 2022-08-19 21:59:11,623 root  23 occured 1 times
INFO 2022-08-19 21:59:11,623 root  k1 occured 1 times
INFO 2022-08-19 21:59:11,623 root  ineuron occured 2 times
INFO 2022-08-19 21:59:11,623 root  sudh occured 1 times
INFO 2022-08-19 21:59:11,623 root  keys in dict element ['k1', 'k2', 'k3', 3, 7]
INFO 2022-08-19 21:59:11,623 root  length----------> 5
INFO 2022-08-19 21:59:11,623 root  all the string data ['k1', 'sudh', 'k2', 'ineuron', 'k3', 'kumar', 'ineuron', 'data science ']
INFO 2022-08-19 21:59:11,623 root  length----------> 8
INFO 2022-08-19 21:59:11,623 root  all the data [1, 2, 3, 4, 2, 3, 4, 5, 6, 3, 4, 5, 6, 7, 45, 4, 5, 23, 'k1', 'sudh', 'k2', 'ineuron', 'k3', 'kumar', 3, 6, 7, 8, 'ineuron', 'data science ']
INFO 2022-08-19 21:59:11,623 root  length----------> 30
INFO 2022-08-19 21:59:11,623 root  alphanum in data ['k1', 'sudh', 'k2', 'ineuron', 'k3', 'kumar', 'ineuron']
INFO 2022-08-19 21:59:11,623 root  length----------> 7
INFO 2022-08-19 21:59:11,623 root  numeric value []
INFO 2022-08-19 21:59:11,623 root  product------> 1
INFO 2022-08-19 21:59:11,623 root  sum------> 0
INFO 2022-08-19 21:59:11,623 root  numeric value in list  [1, 2, 3, 4] 
INFO 2022-08-19 21:59:11,623 root  product------> 24
INFO 2022-08-19 21:59:11,623 root  sum------> 10
INFO 2022-08-19 21:59:11,623 root  numeric value in tuple  [2, 3, 4, 5, 6, 3, 4, 5, 6, 7] 
INFO 2022-08-19 21:59:11,623 root  product------> 1814400
INFO 2022-08-19 21:59:11,623 root  sum------> 45
INFO 2022-08-19 21:59:11,623 root  numeric value in set  [45, 4, 5, 23] 
INFO 2022-08-19 21:59:11,623 root  product------> 20700
INFO 2022-08-19 21:59:11,623 root  sum------> 77
INFO 2022-08-19 21:59:11,623 root  numeric value in dictionary  [3, 6, 7, 8] 
INFO 2022-08-19 21:59:11,623 root  product------> 1008
INFO 2022-08-19 21:59:11,623 root  sum------> 24
INFO 2022-08-19 21:59:11,623 root  all the data [1, 2, 3, 4, 2, 3, 4, 5, 6, 3, 4, 5, 6, 7, 45, 4, 5, 23, 'k1', 'sudh', 'k2', 'ineuron', 'k3', 'kumar', 3, 6, 7, 8, 'ineuron', 'data science ']
INFO 2022-08-19 21:59:11,623 root  length----------> 30
